<?xml version="1.0" encoding="UTF-8"?>
<!-- Generated by org.testng.reporters.JUnitReportReporter -->
<testsuite skipped="0" hostname="LAPTOP-TI0RNES2" name="practice.P5" tests="1" failures="0" timestamp="2022-11-25T13:28:12 IST" time="0.004" errors="0">
  <testcase name="simple" time="0.004" classname="practice.P5"/>
  <system-out/>
</testsuite> <!-- practice.P5 -->
