<?xml version="1.0" encoding="UTF-8"?>
<!-- Generated by org.testng.reporters.JUnitReportReporter -->
<testsuite skipped="0" hostname="LAPTOP-TI0RNES2" name="numbersystem_programs.PrimePrint" tests="2" failures="0" timestamp="2022-12-07T00:58:46 IST" time="4.154" errors="0">
  <testcase name="primePrint2" time="2.616" classname="numbersystem_programs.PrimePrint"/>
  <system-out/>
  <testcase name="primePrint" time="1.538" classname="numbersystem_programs.PrimePrint"/>
  <system-out/>
</testsuite> <!-- numbersystem_programs.PrimePrint -->
