<?xml version="1.0" encoding="UTF-8"?>
<!-- Generated by org.testng.reporters.JUnitReportReporter -->
<testsuite skipped="0" hostname="LAPTOP-TI0RNES2" name="practice.P2" tests="2" failures="0" timestamp="2022-11-30T17:06:59 IST" time="0.000" errors="0">
  <testcase name="creat" time="0.000" classname="practice.P2"/>
  <system-out/>
  <testcase name="update" time="0.000" classname="practice.P2"/>
  <system-out/>
</testsuite> <!-- practice.P2 -->
