<?xml version="1.0" encoding="UTF-8"?>
<!-- Generated by org.testng.reporters.JUnitReportReporter -->
<testsuite skipped="0" hostname="LAPTOP-TI0RNES2" name="practice.P7" tests="1" failures="0" timestamp="2022-11-25T00:57:50 IST" time="0.005" errors="0">
  <testcase name="simple" time="0.005" classname="practice.P7"/>
  <system-out/>
</testsuite> <!-- practice.P7 -->
