<?xml version="1.0" encoding="UTF-8"?>
<!-- Generated by org.testng.reporters.JUnitReportReporter -->
<testsuite skipped="0" hostname="LAPTOP-TI0RNES2" name="numbersystem_programs.Swap2Numbers" tests="1" failures="0" timestamp="2022-12-07T11:53:25 IST" time="0.016" errors="0">
  <testcase name="withThirdVariable" time="0.016" classname="numbersystem_programs.Swap2Numbers"/>
  <system-out/>
</testsuite> <!-- numbersystem_programs.Swap2Numbers -->
