<?xml version="1.0" encoding="UTF-8"?>
<!-- Generated by org.testng.reporters.JUnitReportReporter -->
<testsuite skipped="0" hostname="LAPTOP-TI0RNES2" name="practice.P13" tests="1" failures="0" timestamp="2022-11-25T17:54:13 IST" time="4.101" errors="0">
  <testcase name="fibonacci" time="4.101" classname="practice.P13"/>
  <system-out/>
</testsuite> <!-- practice.P13 -->
