<?xml version="1.0" encoding="UTF-8"?>
<!-- Generated by org.testng.reporters.JUnitReportReporter -->
<testsuite skipped="0" hostname="LAPTOP-TI0RNES2" name="practice.P11" tests="1" failures="0" timestamp="2022-11-25T13:14:45 IST" time="10.440" errors="0">
  <testcase name="scripts" time="10.440" classname="practice.P11"/>
  <system-out/>
</testsuite> <!-- practice.P11 -->
