<?xml version="1.0" encoding="UTF-8"?>
<!-- Generated by org.testng.reporters.JUnitReportReporter -->
<testsuite skipped="0" hostname="LAPTOP-TI0RNES2" name="practice.P14" tests="1" failures="0" timestamp="2022-11-25T19:19:14 IST" time="2.478" errors="0">
  <testcase name="fibonacci" time="2.478" classname="practice.P14"/>
  <system-out/>
</testsuite> <!-- practice.P14 -->
