<?xml version="1.0" encoding="UTF-8"?>
<!-- Generated by org.testng.reporters.JUnitReportReporter -->
<testsuite skipped="0" hostname="LAPTOP-TI0RNES2" name="numbersystem_programs.PrimeCheck" tests="2" failures="0" timestamp="2022-12-07T00:55:09 IST" time="4.717" errors="0">
  <testcase name="primeCheck2" time="2.377" classname="numbersystem_programs.PrimeCheck"/>
  <system-out/>
  <testcase name="primeCheck1" time="2.340" classname="numbersystem_programs.PrimeCheck"/>
  <system-out/>
</testsuite> <!-- numbersystem_programs.PrimeCheck -->
