<?xml version="1.0" encoding="UTF-8"?>
<!-- Generated by org.testng.reporters.JUnitReportReporter -->
<testsuite skipped="0" hostname="LAPTOP-TI0RNES2" name="rupesh_programs.HappyNumber" tests="1" failures="0" timestamp="2022-12-19T21:52:04 IST" time="2.181" errors="0">
  <testcase name="happyNumber" time="2.181" classname="rupesh_programs.HappyNumber"/>
  <system-out/>
</testsuite> <!-- rupesh_programs.HappyNumber -->
