<?xml version="1.0" encoding="UTF-8"?>
<!-- Generated by org.testng.reporters.JUnitReportReporter -->
<testsuite skipped="0" hostname="LAPTOP-TI0RNES2" name="numbersystem_programs.BigNumbers" tests="3" failures="0" timestamp="2022-12-07T08:58:09 IST" time="31.019" errors="0">
  <testcase name="middleNumber" time="17.943" classname="numbersystem_programs.BigNumbers"/>
  <system-out/>
  <testcase name="bigNumber" time="4.783" classname="numbersystem_programs.BigNumbers"/>
  <system-out/>
  <testcase name="smallNumber" time="8.293" classname="numbersystem_programs.BigNumbers"/>
  <system-out/>
</testsuite> <!-- numbersystem_programs.BigNumbers -->
