<?xml version="1.0" encoding="UTF-8"?>
<!-- Generated by org.testng.reporters.JUnitReportReporter -->
<testsuite skipped="0" hostname="LAPTOP-TI0RNES2" name="practice.P17" tests="1" failures="0" timestamp="2022-11-25T19:18:40 IST" time="2.497" errors="0">
  <testcase name="fibonacci" time="2.497" classname="practice.P17"/>
  <system-out/>
</testsuite> <!-- practice.P17 -->
