<?xml version="1.0" encoding="UTF-8"?>
<!-- Generated by org.testng.reporters.JUnitReportReporter -->
<testsuite skipped="0" hostname="LAPTOP-TI0RNES2" name="numbersystem_programs.SingleDigit" tests="2" failures="0" timestamp="2022-12-07T09:03:10 IST" time="10.210" errors="0">
  <testcase name="singleDigit2" time="8.600" classname="numbersystem_programs.SingleDigit"/>
  <system-out/>
  <testcase name="singleDigit1" time="1.610" classname="numbersystem_programs.SingleDigit"/>
  <system-out/>
</testsuite> <!-- numbersystem_programs.SingleDigit -->
