<?xml version="1.0" encoding="UTF-8"?>
<!-- Generated by org.testng.reporters.JUnitReportReporter -->
<testsuite skipped="0" hostname="LAPTOP-TI0RNES2" name="numbersystem_programs.TwoDigit" tests="2" failures="0" timestamp="2022-12-07T09:06:26 IST" time="7.849" errors="0">
  <testcase name="twoDigit2" time="5.271" classname="numbersystem_programs.TwoDigit"/>
  <system-out/>
  <testcase name="twoDigit1" time="2.578" classname="numbersystem_programs.TwoDigit"/>
  <system-out/>
</testsuite> <!-- numbersystem_programs.TwoDigit -->
