<?xml version="1.0" encoding="UTF-8"?>
<!-- Generated by org.testng.reporters.JUnitReportReporter -->
<testsuite skipped="0" hostname="LAPTOP-TI0RNES2" name="practice.P4" tests="1" failures="0" timestamp="2022-11-25T13:27:04 IST" time="5.068" errors="0">
  <testcase name="simple" time="5.068" classname="practice.P4"/>
  <system-out/>
</testsuite> <!-- practice.P4 -->
