<?xml version="1.0" encoding="UTF-8"?>
<!-- Generated by org.testng.reporters.JUnitReportReporter -->
<testsuite skipped="0" hostname="LAPTOP-TI0RNES2" name="practice.P3" tests="2" failures="0" timestamp="2022-11-30T16:52:29 IST" time="0.016" errors="0">
  <testcase name="create" time="0.016" classname="practice.P3"/>
  <system-out/>
  <testcase name="update" time="0.000" classname="practice.P3"/>
  <system-out/>
</testsuite> <!-- practice.P3 -->
