<?xml version="1.0" encoding="UTF-8"?>
<!-- Generated by org.testng.reporters.JUnitReportReporter -->
<testsuite skipped="0" hostname="LAPTOP-TI0RNES2" name="numbersystem_programs.PrimeNumCountSumPro" tests="1" failures="0" timestamp="2022-12-07T01:05:26 IST" time="1.201" errors="0">
  <testcase name="primePrint" time="1.201" classname="numbersystem_programs.PrimeNumCountSumPro"/>
  <system-out/>
</testsuite> <!-- numbersystem_programs.PrimeNumCountSumPro -->
