<?xml version="1.0" encoding="UTF-8"?>
<!-- Generated by org.testng.reporters.JUnitReportReporter -->
<testsuite skipped="0" hostname="LAPTOP-TI0RNES2" name="practice.P15" tests="1" failures="0" timestamp="2022-11-25T19:17:40 IST" time="3.762" errors="0">
  <testcase name="fibonacci" time="3.762" classname="practice.P15"/>
  <system-out/>
</testsuite> <!-- practice.P15 -->
