<?xml version="1.0" encoding="UTF-8"?>
<!-- Generated by org.testng.reporters.JUnitReportReporter -->
<testsuite skipped="0" hostname="LAPTOP-TI0RNES2" name="practice.P1" tests="1" failures="0" timestamp="2022-11-25T11:35:21 IST" time="0.005" errors="0">
  <testcase name="scripts" time="0.005" classname="practice.P1"/>
  <system-out/>
</testsuite> <!-- practice.P1 -->
