<?xml version="1.0" encoding="UTF-8"?>
<!-- Generated by org.testng.reporters.JUnitReportReporter -->
<testsuite skipped="0" hostname="LAPTOP-TI0RNES2" name="practice.P16" tests="1" failures="0" timestamp="2022-11-25T18:13:19 IST" time="0.016" errors="0">
  <testcase name="happyNumber" time="0.016" classname="practice.P16"/>
  <system-out/>
</testsuite> <!-- practice.P16 -->
